# JRE version: Java(TM) SE Runtime Environment (11.0.1+13) (build 11.0.1+13-LTS)
# Java VM: Java HotSpot(TM) 64-Bit Server VM (11.0.1+13-LTS, mixed mode, tiered, compressed oops, g1 gc, bsd-amd64)
Heap:
 garbage-first heap   total 590848K, used 497668K [0x00000007c0000000, 0x0000000800000000)
  region size 1024K, 338 young (346112K), 2 survivors (2048K)
 Metaspace       used 83184K, capacity 86512K, committed 87248K, reserved 1128448K
  class space    used 7471K, capacity 8702K, committed 8832K, reserved 1048576K
GC Heap History (10 events):
Event: 60653.013 GC heap before
{Heap before GC invocations=435 (full 0):
 garbage-first heap   total 590848K, used 180208K [0x00000007c0000000, 0x0000000800000000)
  region size 1024K, 28 young (28672K), 5 survivors (5120K)
 Metaspace       used 83097K, capacity 86447K, committed 87248K, reserved 1128448K
  class space    used 7457K, capacity 8702K, committed 8832K, reserved 1048576K
}
Event: 60653.016 GC heap after
{Heap after GC invocations=436 (full 0):
 garbage-first heap   total 590848K, used 155353K [0x00000007c0000000, 0x0000000800000000)
  region size 1024K, 1 young (1024K), 1 survivors (1024K)
 Metaspace       used 83097K, capacity 86447K, committed 87248K, reserved 1128448K
  class space    used 7457K, capacity 8702K, committed 8832K, reserved 1048576K
}
Event: 60689.220 GC heap before
{Heap before GC invocations=436 (full 0):
 garbage-first heap   total 590848K, used 508633K [0x00000007c0000000, 0x0000000800000000)
  region size 1024K, 346 young (354304K), 1 survivors (1024K)
 Metaspace       used 83099K, capacity 86447K, committed 87248K, reserved 1128448K
  class space    used 7457K, capacity 8702K, committed 8832K, reserved 1048576K
}
Event: 60689.223 GC heap after
{Heap after GC invocations=437 (full 0):
 garbage-first heap   total 590848K, used 154980K [0x00000007c0000000, 0x0000000800000000)
  region size 1024K, 1 young (1024K), 1 survivors (1024K)
 Metaspace       used 83099K, capacity 86447K, committed 87248K, reserved 1128448K
  class space    used 7457K, capacity 8702K, committed 8832K, reserved 1048576K
}
Event: 60715.188 GC heap before
{Heap before GC invocations=438 (full 0):
 garbage-first heap   total 590848K, used 507236K [0x00000007c0000000, 0x0000000800000000)
  region size 1024K, 346 young (354304K), 1 survivors (1024K)
 Metaspace       used 83148K, capacity 86511K, committed 87248K, reserved 1128448K
  class space    used 7471K, capacity 8702K, committed 8832K, reserved 1048576K
}
Event: 60715.191 GC heap after
{Heap after GC invocations=439 (full 0):
 garbage-first heap   total 590848K, used 155556K [0x00000007c0000000, 0x0000000800000000)
  region size 1024K, 2 young (2048K), 2 survivors (2048K)
 Metaspace       used 83148K, capacity 86511K, committed 87248K, reserved 1128448K
  class space    used 7471K, capacity 8702K, committed 8832K, reserved 1048576K
}
Event: 60717.120 GC heap before
{Heap before GC invocations=439 (full 0):
 garbage-first heap   total 590848K, used 181156K [0x00000007c0000000, 0x0000000800000000)
  region size 1024K, 28 young (28672K), 2 survivors (2048K)
 Metaspace       used 83148K, capacity 86511K, committed 87248K, reserved 1128448K
  class space    used 7471K, capacity 8702K, committed 8832K, reserved 1048576K
}
Event: 60717.123 GC heap after
{Heap after GC invocations=440 (full 0):
 garbage-first heap   total 590848K, used 156172K [0x00000007c0000000, 0x0000000800000000)
  region size 1024K, 3 young (3072K), 3 survivors (3072K)
 Metaspace       used 83148K, capacity 86511K, committed 87248K, reserved 1128448K
  class space    used 7471K, capacity 8702K, committed 8832K, reserved 1048576K
}
Event: 60738.834 GC heap before
{Heap before GC invocations=440 (full 0):
 garbage-first heap   total 590848K, used 507404K [0x00000007c0000000, 0x0000000800000000)
  region size 1024K, 346 young (354304K), 3 survivors (3072K)
 Metaspace       used 83149K, capacity 86511K, committed 87248K, reserved 1128448K
  class space    used 7471K, capacity 8702K, committed 8832K, reserved 1048576K
}
Event: 60738.837 GC heap after
{Heap after GC invocations=441 (full 0):
 garbage-first heap   total 590848K, used 155652K [0x00000007c0000000, 0x0000000800000000)
  region size 1024K, 2 young (2048K), 2 survivors (2048K)
 Metaspace       used 83149K, capacity 86511K, committed 87248K, reserved 1128448K
  class space    used 7471K, capacity 8702K, committed 8832K, reserved 1048576K
}

